mode: set
github.com/ivannovak/glide/v2/pkg/plugin/sdk/base_detector.go:19.74,24.2 1 1
github.com/ivannovak/glide/v2/pkg/plugin/sdk/base_detector.go:27.73,29.2 1 1
github.com/ivannovak/glide/v2/pkg/plugin/sdk/base_detector.go:32.84,34.2 1 1
github.com/ivannovak/glide/v2/pkg/plugin/sdk/base_detector.go:37.74,39.2 1 0
github.com/ivannovak/glide/v2/pkg/plugin/sdk/base_detector.go:42.83,44.2 1 1
github.com/ivannovak/glide/v2/pkg/plugin/sdk/base_detector.go:47.86,52.48 3 1
github.com/ivannovak/glide/v2/pkg/plugin/sdk/base_detector.go:52.48,54.38 2 1
github.com/ivannovak/glide/v2/pkg/plugin/sdk/base_detector.go:54.38,56.4 1 1
github.com/ivannovak/glide/v2/pkg/plugin/sdk/base_detector.go:56.9,59.4 1 1
github.com/ivannovak/glide/v2/pkg/plugin/sdk/base_detector.go:63.2,63.48 1 1
github.com/ivannovak/glide/v2/pkg/plugin/sdk/base_detector.go:63.48,65.38 2 1
github.com/ivannovak/glide/v2/pkg/plugin/sdk/base_detector.go:65.38,67.4 1 1
github.com/ivannovak/glide/v2/pkg/plugin/sdk/base_detector.go:71.2,71.45 1 1
github.com/ivannovak/glide/v2/pkg/plugin/sdk/base_detector.go:71.45,73.36 2 1
github.com/ivannovak/glide/v2/pkg/plugin/sdk/base_detector.go:73.36,75.4 1 1
github.com/ivannovak/glide/v2/pkg/plugin/sdk/base_detector.go:79.2,79.50 1 1
github.com/ivannovak/glide/v2/pkg/plugin/sdk/base_detector.go:79.50,81.47 2 1
github.com/ivannovak/glide/v2/pkg/plugin/sdk/base_detector.go:81.47,83.4 1 1
github.com/ivannovak/glide/v2/pkg/plugin/sdk/base_detector.go:87.2,87.36 1 1
github.com/ivannovak/glide/v2/pkg/plugin/sdk/base_detector.go:87.36,89.65 2 1
github.com/ivannovak/glide/v2/pkg/plugin/sdk/base_detector.go:89.65,91.4 1 1
github.com/ivannovak/glide/v2/pkg/plugin/sdk/base_detector.go:95.2,95.23 1 1
github.com/ivannovak/glide/v2/pkg/plugin/sdk/base_detector.go:95.23,97.3 1 1
github.com/ivannovak/glide/v2/pkg/plugin/sdk/base_detector.go:100.2,100.21 1 1
github.com/ivannovak/glide/v2/pkg/plugin/sdk/base_detector.go:100.21,102.3 1 1
github.com/ivannovak/glide/v2/pkg/plugin/sdk/base_detector.go:105.2,106.36 2 1
github.com/ivannovak/glide/v2/pkg/plugin/sdk/base_detector.go:106.36,108.3 1 0
github.com/ivannovak/glide/v2/pkg/plugin/sdk/base_detector.go:110.2,116.8 1 1
github.com/ivannovak/glide/v2/pkg/plugin/sdk/base_detector.go:120.82,121.16 1 1
github.com/ivannovak/glide/v2/pkg/plugin/sdk/base_detector.go:121.16,123.3 1 0
github.com/ivannovak/glide/v2/pkg/plugin/sdk/base_detector.go:126.2,127.9 2 1
github.com/ivannovak/glide/v2/pkg/plugin/sdk/base_detector.go:127.9,129.3 1 1
github.com/ivannovak/glide/v2/pkg/plugin/sdk/base_detector.go:130.2,134.26 3 1
github.com/ivannovak/glide/v2/pkg/plugin/sdk/base_detector.go:134.26,136.10 2 1
github.com/ivannovak/glide/v2/pkg/plugin/sdk/base_detector.go:136.10,138.4 1 1
github.com/ivannovak/glide/v2/pkg/plugin/sdk/base_detector.go:139.3,140.39 2 1
github.com/ivannovak/glide/v2/pkg/plugin/sdk/base_detector.go:143.2,143.12 1 1
github.com/ivannovak/glide/v2/pkg/plugin/sdk/base_detector.go:148.79,152.2 3 1
github.com/ivannovak/glide/v2/pkg/plugin/sdk/base_detector.go:154.77,158.2 3 1
github.com/ivannovak/glide/v2/pkg/plugin/sdk/base_detector.go:160.99,163.16 3 1
github.com/ivannovak/glide/v2/pkg/plugin/sdk/base_detector.go:163.16,165.3 1 0
github.com/ivannovak/glide/v2/pkg/plugin/sdk/base_detector.go:167.2,170.42 2 1
github.com/ivannovak/glide/v2/pkg/plugin/sdk/base_detector.go:170.42,171.43 1 1
github.com/ivannovak/glide/v2/pkg/plugin/sdk/base_detector.go:171.43,173.4 1 1
github.com/ivannovak/glide/v2/pkg/plugin/sdk/base_detector.go:177.2,177.25 1 1
github.com/ivannovak/glide/v2/pkg/plugin/sdk/base_detector.go:177.25,179.28 2 1
github.com/ivannovak/glide/v2/pkg/plugin/sdk/base_detector.go:179.28,181.4 1 1
github.com/ivannovak/glide/v2/pkg/plugin/sdk/base_detector.go:184.2,184.14 1 0
github.com/ivannovak/glide/v2/pkg/plugin/sdk/base_detector.go:187.100,188.33 1 1
github.com/ivannovak/glide/v2/pkg/plugin/sdk/base_detector.go:188.33,191.37 3 1
github.com/ivannovak/glide/v2/pkg/plugin/sdk/base_detector.go:191.37,193.4 1 1
github.com/ivannovak/glide/v2/pkg/plugin/sdk/base_detector.go:195.2,195.14 1 0
github.com/ivannovak/glide/v2/pkg/plugin/sdk/command.go:87.67,102.22 2 0
github.com/ivannovak/glide/v2/pkg/plugin/sdk/command.go:102.22,106.3 1 0
github.com/ivannovak/glide/v2/pkg/plugin/sdk/command.go:109.2,109.31 1 0
github.com/ivannovak/glide/v2/pkg/plugin/sdk/command.go:109.31,111.3 1 0
github.com/ivannovak/glide/v2/pkg/plugin/sdk/command.go:114.2,114.39 1 0
github.com/ivannovak/glide/v2/pkg/plugin/sdk/command.go:114.39,116.3 1 0
github.com/ivannovak/glide/v2/pkg/plugin/sdk/command.go:118.2,118.12 1 0
github.com/ivannovak/glide/v2/pkg/plugin/sdk/command.go:122.64,123.19 1 0
github.com/ivannovak/glide/v2/pkg/plugin/sdk/command.go:124.16,126.27 2 0
github.com/ivannovak/glide/v2/pkg/plugin/sdk/command.go:126.27,128.4 1 0
github.com/ivannovak/glide/v2/pkg/plugin/sdk/command.go:128.9,130.4 1 0
github.com/ivannovak/glide/v2/pkg/plugin/sdk/command.go:132.14,134.27 2 0
github.com/ivannovak/glide/v2/pkg/plugin/sdk/command.go:134.27,136.4 1 0
github.com/ivannovak/glide/v2/pkg/plugin/sdk/command.go:136.9,138.4 1 0
github.com/ivannovak/glide/v2/pkg/plugin/sdk/command.go:140.13,142.27 2 0
github.com/ivannovak/glide/v2/pkg/plugin/sdk/command.go:142.27,144.4 1 0
github.com/ivannovak/glide/v2/pkg/plugin/sdk/command.go:144.9,146.4 1 0
github.com/ivannovak/glide/v2/pkg/plugin/sdk/command.go:148.18,150.27 2 0
github.com/ivannovak/glide/v2/pkg/plugin/sdk/command.go:150.27,152.4 1 0
github.com/ivannovak/glide/v2/pkg/plugin/sdk/command.go:152.9,154.4 1 0
github.com/ivannovak/glide/v2/pkg/plugin/sdk/command.go:156.10,159.27 2 0
github.com/ivannovak/glide/v2/pkg/plugin/sdk/command.go:159.27,161.4 1 0
github.com/ivannovak/glide/v2/pkg/plugin/sdk/command.go:161.9,163.4 1 0
github.com/ivannovak/glide/v2/pkg/plugin/sdk/command.go:167.2,167.19 1 0
github.com/ivannovak/glide/v2/pkg/plugin/sdk/command.go:167.19,169.3 1 0
github.com/ivannovak/glide/v2/pkg/plugin/sdk/command.go:172.2,172.17 1 0
github.com/ivannovak/glide/v2/pkg/plugin/sdk/command.go:172.17,174.3 1 0
github.com/ivannovak/glide/v2/pkg/plugin/sdk/command.go:177.2,177.27 1 0
github.com/ivannovak/glide/v2/pkg/plugin/sdk/command.go:177.27,179.3 1 0
github.com/ivannovak/glide/v2/pkg/plugin/sdk/command.go:188.44,192.2 1 0
github.com/ivannovak/glide/v2/pkg/plugin/sdk/command.go:195.72,196.16 1 0
github.com/ivannovak/glide/v2/pkg/plugin/sdk/command.go:196.16,198.3 1 0
github.com/ivannovak/glide/v2/pkg/plugin/sdk/command.go:200.2,200.20 1 0
github.com/ivannovak/glide/v2/pkg/plugin/sdk/command.go:200.20,202.3 1 0
github.com/ivannovak/glide/v2/pkg/plugin/sdk/command.go:204.2,205.12 2 0
github.com/ivannovak/glide/v2/pkg/plugin/sdk/command.go:209.77,212.2 2 0
github.com/ivannovak/glide/v2/pkg/plugin/sdk/command.go:215.69,218.31 2 0
github.com/ivannovak/glide/v2/pkg/plugin/sdk/command.go:218.31,220.3 1 0
github.com/ivannovak/glide/v2/pkg/plugin/sdk/command.go:221.2,221.15 1 0
github.com/ivannovak/glide/v2/pkg/plugin/sdk/command.go:225.69,226.36 1 0
github.com/ivannovak/glide/v2/pkg/plugin/sdk/command.go:226.36,229.3 2 0
github.com/ivannovak/glide/v2/pkg/plugin/sdk/completion.go:25.50,29.2 1 0
github.com/ivannovak/glide/v2/pkg/plugin/sdk/completion.go:32.84,33.23 1 0
github.com/ivannovak/glide/v2/pkg/plugin/sdk/completion.go:33.23,35.3 1 0
github.com/ivannovak/glide/v2/pkg/plugin/sdk/completion.go:37.2,37.15 1 0
github.com/ivannovak/glide/v2/pkg/plugin/sdk/completion.go:37.15,39.3 1 0
github.com/ivannovak/glide/v2/pkg/plugin/sdk/completion.go:41.2,42.12 2 0
github.com/ivannovak/glide/v2/pkg/plugin/sdk/completion.go:46.77,49.2 2 0
github.com/ivannovak/glide/v2/pkg/plugin/sdk/completion.go:52.62,55.34 2 0
github.com/ivannovak/glide/v2/pkg/plugin/sdk/completion.go:55.34,57.3 1 0
github.com/ivannovak/glide/v2/pkg/plugin/sdk/completion.go:58.2,58.15 1 0
github.com/ivannovak/glide/v2/pkg/plugin/sdk/completion.go:62.69,64.51 1 0
github.com/ivannovak/glide/v2/pkg/plugin/sdk/completion.go:64.51,65.79 1 0
github.com/ivannovak/glide/v2/pkg/plugin/sdk/completion.go:65.79,67.4 1 0
github.com/ivannovak/glide/v2/pkg/plugin/sdk/completion.go:74.50,76.2 1 0
github.com/ivannovak/glide/v2/pkg/plugin/sdk/completion.go:79.48,81.2 1 0
github.com/ivannovak/glide/v2/pkg/plugin/sdk/completion.go:84.53,86.2 1 0
github.com/ivannovak/glide/v2/pkg/plugin/sdk/completion.go:89.56,90.105 1 0
github.com/ivannovak/glide/v2/pkg/plugin/sdk/completion.go:90.105,92.3 1 0
github.com/ivannovak/glide/v2/pkg/plugin/sdk/completion.go:96.65,97.105 1 0
github.com/ivannovak/glide/v2/pkg/plugin/sdk/completion.go:97.105,99.3 1 0
github.com/ivannovak/glide/v2/pkg/plugin/sdk/completion.go:103.42,104.105 1 0
github.com/ivannovak/glide/v2/pkg/plugin/sdk/completion.go:104.105,106.3 1 0
github.com/ivannovak/glide/v2/pkg/plugin/sdk/completion.go:110.47,111.105 1 0
github.com/ivannovak/glide/v2/pkg/plugin/sdk/completion.go:111.105,113.3 1 0
github.com/ivannovak/glide/v2/pkg/plugin/sdk/completion.go:117.113,118.105 1 0
github.com/ivannovak/glide/v2/pkg/plugin/sdk/completion.go:118.105,121.42 2 0
github.com/ivannovak/glide/v2/pkg/plugin/sdk/completion.go:121.42,123.4 1 0
github.com/ivannovak/glide/v2/pkg/plugin/sdk/completion.go:126.3,126.31 1 0
github.com/ivannovak/glide/v2/pkg/plugin/sdk/completion.go:126.31,128.4 1 0
github.com/ivannovak/glide/v2/pkg/plugin/sdk/completion.go:130.3,130.33 1 0
github.com/ivannovak/glide/v2/pkg/plugin/sdk/config_schema.go:51.90,55.36 2 0
github.com/ivannovak/glide/v2/pkg/plugin/sdk/config_schema.go:55.36,61.3 2 0
github.com/ivannovak/glide/v2/pkg/plugin/sdk/config_schema.go:63.2,63.17 1 0
github.com/ivannovak/glide/v2/pkg/plugin/sdk/config_schema.go:63.17,65.3 1 0
github.com/ivannovak/glide/v2/pkg/plugin/sdk/config_schema.go:68.2,68.38 1 0
github.com/ivannovak/glide/v2/pkg/plugin/sdk/config_schema.go:68.38,72.32 2 0
github.com/ivannovak/glide/v2/pkg/plugin/sdk/config_schema.go:72.32,77.12 2 0
github.com/ivannovak/glide/v2/pkg/plugin/sdk/config_schema.go:81.3,81.14 1 0
github.com/ivannovak/glide/v2/pkg/plugin/sdk/config_schema.go:81.14,82.12 1 0
github.com/ivannovak/glide/v2/pkg/plugin/sdk/config_schema.go:86.3,86.39 1 0
github.com/ivannovak/glide/v2/pkg/plugin/sdk/config_schema.go:86.39,91.4 1 0
github.com/ivannovak/glide/v2/pkg/plugin/sdk/config_schema.go:94.3,94.54 1 0
github.com/ivannovak/glide/v2/pkg/plugin/sdk/config_schema.go:94.54,95.58 1 0
github.com/ivannovak/glide/v2/pkg/plugin/sdk/config_schema.go:95.58,101.38 3 0
github.com/ivannovak/glide/v2/pkg/plugin/sdk/config_schema.go:101.38,104.6 2 0
github.com/ivannovak/glide/v2/pkg/plugin/sdk/config_schema.go:109.2,109.15 1 0
github.com/ivannovak/glide/v2/pkg/plugin/sdk/config_schema.go:113.64,114.18 1 0
github.com/ivannovak/glide/v2/pkg/plugin/sdk/config_schema.go:114.18,116.3 1 0
github.com/ivannovak/glide/v2/pkg/plugin/sdk/config_schema.go:118.2,118.22 1 0
github.com/ivannovak/glide/v2/pkg/plugin/sdk/config_schema.go:119.16,121.12 2 0
github.com/ivannovak/glide/v2/pkg/plugin/sdk/config_schema.go:122.14,124.12 2 0
github.com/ivannovak/glide/v2/pkg/plugin/sdk/config_schema.go:125.13,127.9 2 0
github.com/ivannovak/glide/v2/pkg/plugin/sdk/config_schema.go:127.9,129.4 1 0
github.com/ivannovak/glide/v2/pkg/plugin/sdk/config_schema.go:131.3,131.35 1 0
github.com/ivannovak/glide/v2/pkg/plugin/sdk/config_schema.go:131.35,133.4 1 0
github.com/ivannovak/glide/v2/pkg/plugin/sdk/config_schema.go:134.3,134.15 1 0
github.com/ivannovak/glide/v2/pkg/plugin/sdk/config_schema.go:135.15,137.12 2 0
github.com/ivannovak/glide/v2/pkg/plugin/sdk/config_schema.go:138.15,140.12 2 0
github.com/ivannovak/glide/v2/pkg/plugin/sdk/config_schema.go:141.16,143.12 2 0
github.com/ivannovak/glide/v2/pkg/plugin/sdk/config_schema.go:144.10,146.14 1 0
github.com/ivannovak/glide/v2/pkg/plugin/sdk/config_schema.go:157.41,159.2 1 0
github.com/ivannovak/glide/v2/pkg/plugin/sdk/config_schema.go:162.94,163.17 1 0
github.com/ivannovak/glide/v2/pkg/plugin/sdk/config_schema.go:163.17,165.3 1 0
github.com/ivannovak/glide/v2/pkg/plugin/sdk/config_schema.go:167.2,167.38 1 0
github.com/ivannovak/glide/v2/pkg/plugin/sdk/config_schema.go:167.38,168.69 1 0
github.com/ivannovak/glide/v2/pkg/plugin/sdk/config_schema.go:168.69,170.4 1 0
github.com/ivannovak/glide/v2/pkg/plugin/sdk/config_schema.go:173.3,173.54 1 0
github.com/ivannovak/glide/v2/pkg/plugin/sdk/config_schema.go:173.54,174.69 1 0
github.com/ivannovak/glide/v2/pkg/plugin/sdk/config_schema.go:174.69,180.5 2 0
github.com/ivannovak/glide/v2/pkg/plugin/sdk/config_schema.go:184.2,184.13 1 0
github.com/ivannovak/glide/v2/pkg/plugin/sdk/extensions.go:38.48,42.2 1 0
github.com/ivannovak/glide/v2/pkg/plugin/sdk/extensions.go:45.66,46.16 1 0
github.com/ivannovak/glide/v2/pkg/plugin/sdk/extensions.go:46.16,48.3 1 0
github.com/ivannovak/glide/v2/pkg/plugin/sdk/extensions.go:50.2,51.16 2 0
github.com/ivannovak/glide/v2/pkg/plugin/sdk/extensions.go:51.16,53.3 1 0
github.com/ivannovak/glide/v2/pkg/plugin/sdk/extensions.go:55.2,56.12 2 0
github.com/ivannovak/glide/v2/pkg/plugin/sdk/extensions.go:60.71,63.2 2 0
github.com/ivannovak/glide/v2/pkg/plugin/sdk/extensions.go:66.63,69.33 2 0
github.com/ivannovak/glide/v2/pkg/plugin/sdk/extensions.go:69.33,71.3 1 0
github.com/ivannovak/glide/v2/pkg/plugin/sdk/extensions.go:72.2,72.15 1 0
github.com/ivannovak/glide/v2/pkg/plugin/sdk/extensions.go:76.112,79.38 2 0
github.com/ivannovak/glide/v2/pkg/plugin/sdk/extensions.go:79.38,81.17 2 0
github.com/ivannovak/glide/v2/pkg/plugin/sdk/extensions.go:81.17,83.12 1 0
github.com/ivannovak/glide/v2/pkg/plugin/sdk/extensions.go:85.3,85.18 1 0
github.com/ivannovak/glide/v2/pkg/plugin/sdk/extensions.go:85.18,87.4 1 0
github.com/ivannovak/glide/v2/pkg/plugin/sdk/extensions.go:90.2,90.21 1 0
github.com/ivannovak/glide/v2/pkg/plugin/sdk/extensions.go:94.120,97.33 2 0
github.com/ivannovak/glide/v2/pkg/plugin/sdk/extensions.go:97.33,99.39 2 0
github.com/ivannovak/glide/v2/pkg/plugin/sdk/extensions.go:99.39,101.40 1 0
github.com/ivannovak/glide/v2/pkg/plugin/sdk/extensions.go:101.40,103.19 2 0
github.com/ivannovak/glide/v2/pkg/plugin/sdk/extensions.go:103.19,105.6 1 0
github.com/ivannovak/glide/v2/pkg/plugin/sdk/extensions.go:106.5,106.26 1 0
github.com/ivannovak/glide/v2/pkg/plugin/sdk/extensions.go:108.9,110.37 1 0
github.com/ivannovak/glide/v2/pkg/plugin/sdk/extensions.go:110.37,112.5 1 0
github.com/ivannovak/glide/v2/pkg/plugin/sdk/extensions.go:116.2,116.20 1 0
github.com/ivannovak/glide/v2/pkg/plugin/sdk/lifecycle.go:38.41,39.21 1 1
github.com/ivannovak/glide/v2/pkg/plugin/sdk/lifecycle.go:39.21,42.3 1 1
github.com/ivannovak/glide/v2/pkg/plugin/sdk/lifecycle.go:43.2,44.30 1 1
github.com/ivannovak/glide/v2/pkg/plugin/sdk/lifecycle.go:47.41,49.2 1 1
github.com/ivannovak/glide/v2/pkg/plugin/sdk/lifecycle.go:52.84,59.2 1 1
github.com/ivannovak/glide/v2/pkg/plugin/sdk/lifecycle.go:69.47,72.2 1 1
github.com/ivannovak/glide/v2/pkg/plugin/sdk/lifecycle_adapter.go:14.58,18.2 1 1
github.com/ivannovak/glide/v2/pkg/plugin/sdk/lifecycle_adapter.go:21.60,25.2 1 1
github.com/ivannovak/glide/v2/pkg/plugin/sdk/lifecycle_adapter.go:28.61,32.2 1 1
github.com/ivannovak/glide/v2/pkg/plugin/sdk/lifecycle_adapter.go:35.60,38.28 1 1
github.com/ivannovak/glide/v2/pkg/plugin/sdk/lifecycle_adapter.go:38.28,40.3 1 1
github.com/ivannovak/glide/v2/pkg/plugin/sdk/lifecycle_adapter.go:41.2,41.12 1 1
github.com/ivannovak/glide/v2/pkg/plugin/sdk/lifecycle_adapter.go:45.48,48.28 1 0
github.com/ivannovak/glide/v2/pkg/plugin/sdk/lifecycle_adapter.go:48.28,50.3 1 0
github.com/ivannovak/glide/v2/pkg/plugin/sdk/lifecycle_adapter.go:52.2,52.30 1 0
github.com/ivannovak/glide/v2/pkg/plugin/sdk/lifecycle_adapter.go:52.30,54.3 1 0
github.com/ivannovak/glide/v2/pkg/plugin/sdk/lifecycle_adapter.go:57.2,57.12 1 0
github.com/ivannovak/glide/v2/pkg/plugin/sdk/lifecycle_manager.go:51.48,60.2 1 1
github.com/ivannovak/glide/v2/pkg/plugin/sdk/lifecycle_manager.go:63.69,64.19 1 1
github.com/ivannovak/glide/v2/pkg/plugin/sdk/lifecycle_manager.go:64.19,66.3 1 1
github.com/ivannovak/glide/v2/pkg/plugin/sdk/lifecycle_manager.go:68.2,72.3 1 1
github.com/ivannovak/glide/v2/pkg/plugin/sdk/lifecycle_manager.go:76.75,80.43 3 1
github.com/ivannovak/glide/v2/pkg/plugin/sdk/lifecycle_manager.go:80.43,82.3 1 1
github.com/ivannovak/glide/v2/pkg/plugin/sdk/lifecycle_manager.go:84.2,90.12 2 1
github.com/ivannovak/glide/v2/pkg/plugin/sdk/lifecycle_manager.go:95.59,100.13 4 1
github.com/ivannovak/glide/v2/pkg/plugin/sdk/lifecycle_manager.go:100.13,102.3 1 1
github.com/ivannovak/glide/v2/pkg/plugin/sdk/lifecycle_manager.go:104.2,104.41 1 1
github.com/ivannovak/glide/v2/pkg/plugin/sdk/lifecycle_manager.go:104.41,107.3 1 1
github.com/ivannovak/glide/v2/pkg/plugin/sdk/lifecycle_manager.go:109.2,110.12 2 1
github.com/ivannovak/glide/v2/pkg/plugin/sdk/lifecycle_manager.go:114.80,119.13 4 1
github.com/ivannovak/glide/v2/pkg/plugin/sdk/lifecycle_manager.go:119.13,121.3 1 1
github.com/ivannovak/glide/v2/pkg/plugin/sdk/lifecycle_manager.go:124.2,128.49 3 1
github.com/ivannovak/glide/v2/pkg/plugin/sdk/lifecycle_manager.go:128.49,132.3 2 1
github.com/ivannovak/glide/v2/pkg/plugin/sdk/lifecycle_manager.go:135.2,135.60 1 1
github.com/ivannovak/glide/v2/pkg/plugin/sdk/lifecycle_manager.go:135.60,137.3 1 0
github.com/ivannovak/glide/v2/pkg/plugin/sdk/lifecycle_manager.go:139.2,139.12 1 1
github.com/ivannovak/glide/v2/pkg/plugin/sdk/lifecycle_manager.go:143.81,148.13 4 1
github.com/ivannovak/glide/v2/pkg/plugin/sdk/lifecycle_manager.go:148.13,150.3 1 1
github.com/ivannovak/glide/v2/pkg/plugin/sdk/lifecycle_manager.go:153.2,157.50 3 1
github.com/ivannovak/glide/v2/pkg/plugin/sdk/lifecycle_manager.go:157.50,161.3 2 1
github.com/ivannovak/glide/v2/pkg/plugin/sdk/lifecycle_manager.go:164.2,164.56 1 1
github.com/ivannovak/glide/v2/pkg/plugin/sdk/lifecycle_manager.go:164.56,166.3 1 0
github.com/ivannovak/glide/v2/pkg/plugin/sdk/lifecycle_manager.go:168.2,168.12 1 1
github.com/ivannovak/glide/v2/pkg/plugin/sdk/lifecycle_manager.go:172.80,177.13 4 1
github.com/ivannovak/glide/v2/pkg/plugin/sdk/lifecycle_manager.go:177.13,179.3 1 1
github.com/ivannovak/glide/v2/pkg/plugin/sdk/lifecycle_manager.go:182.2,182.34 1 1
github.com/ivannovak/glide/v2/pkg/plugin/sdk/lifecycle_manager.go:182.34,184.3 1 1
github.com/ivannovak/glide/v2/pkg/plugin/sdk/lifecycle_manager.go:187.2,191.49 3 1
github.com/ivannovak/glide/v2/pkg/plugin/sdk/lifecycle_manager.go:191.49,195.3 2 1
github.com/ivannovak/glide/v2/pkg/plugin/sdk/lifecycle_manager.go:198.2,198.56 1 1
github.com/ivannovak/glide/v2/pkg/plugin/sdk/lifecycle_manager.go:198.56,200.3 1 0
github.com/ivannovak/glide/v2/pkg/plugin/sdk/lifecycle_manager.go:202.2,202.12 1 1
github.com/ivannovak/glide/v2/pkg/plugin/sdk/lifecycle_manager.go:206.64,209.31 3 1
github.com/ivannovak/glide/v2/pkg/plugin/sdk/lifecycle_manager.go:209.31,211.3 1 1
github.com/ivannovak/glide/v2/pkg/plugin/sdk/lifecycle_manager.go:212.2,215.29 2 1
github.com/ivannovak/glide/v2/pkg/plugin/sdk/lifecycle_manager.go:215.29,216.50 1 1
github.com/ivannovak/glide/v2/pkg/plugin/sdk/lifecycle_manager.go:216.50,218.4 1 1
github.com/ivannovak/glide/v2/pkg/plugin/sdk/lifecycle_manager.go:221.2,221.12 1 1
github.com/ivannovak/glide/v2/pkg/plugin/sdk/lifecycle_manager.go:225.65,228.31 3 1
github.com/ivannovak/glide/v2/pkg/plugin/sdk/lifecycle_manager.go:228.31,230.3 1 1
github.com/ivannovak/glide/v2/pkg/plugin/sdk/lifecycle_manager.go:231.2,234.29 2 1
github.com/ivannovak/glide/v2/pkg/plugin/sdk/lifecycle_manager.go:234.29,235.51 1 1
github.com/ivannovak/glide/v2/pkg/plugin/sdk/lifecycle_manager.go:235.51,237.4 1 0
github.com/ivannovak/glide/v2/pkg/plugin/sdk/lifecycle_manager.go:241.2,241.39 1 1
github.com/ivannovak/glide/v2/pkg/plugin/sdk/lifecycle_manager.go:241.39,243.3 1 1
github.com/ivannovak/glide/v2/pkg/plugin/sdk/lifecycle_manager.go:245.2,245.12 1 1
github.com/ivannovak/glide/v2/pkg/plugin/sdk/lifecycle_manager.go:249.64,255.31 4 1
github.com/ivannovak/glide/v2/pkg/plugin/sdk/lifecycle_manager.go:255.31,257.3 1 1
github.com/ivannovak/glide/v2/pkg/plugin/sdk/lifecycle_manager.go:258.2,262.39 3 1
github.com/ivannovak/glide/v2/pkg/plugin/sdk/lifecycle_manager.go:262.39,263.54 1 1
github.com/ivannovak/glide/v2/pkg/plugin/sdk/lifecycle_manager.go:263.54,266.4 1 0
github.com/ivannovak/glide/v2/pkg/plugin/sdk/lifecycle_manager.go:269.2,269.16 1 1
github.com/ivannovak/glide/v2/pkg/plugin/sdk/lifecycle_manager.go:273.66,278.13 4 1
github.com/ivannovak/glide/v2/pkg/plugin/sdk/lifecycle_manager.go:278.13,280.3 1 1
github.com/ivannovak/glide/v2/pkg/plugin/sdk/lifecycle_manager.go:283.2,283.36 1 1
github.com/ivannovak/glide/v2/pkg/plugin/sdk/lifecycle_manager.go:283.36,285.3 1 1
github.com/ivannovak/glide/v2/pkg/plugin/sdk/lifecycle_manager.go:288.2,293.12 4 1
github.com/ivannovak/glide/v2/pkg/plugin/sdk/lifecycle_manager.go:293.12,295.3 1 1
github.com/ivannovak/glide/v2/pkg/plugin/sdk/lifecycle_manager.go:297.2,297.9 1 1
github.com/ivannovak/glide/v2/pkg/plugin/sdk/lifecycle_manager.go:298.24,304.17 5 1
github.com/ivannovak/glide/v2/pkg/plugin/sdk/lifecycle_manager.go:304.17,306.4 1 1
github.com/ivannovak/glide/v2/pkg/plugin/sdk/lifecycle_manager.go:307.3,307.13 1 1
github.com/ivannovak/glide/v2/pkg/plugin/sdk/lifecycle_manager.go:309.20,315.83 5 1
github.com/ivannovak/glide/v2/pkg/plugin/sdk/lifecycle_manager.go:320.51,324.12 3 1
github.com/ivannovak/glide/v2/pkg/plugin/sdk/lifecycle_manager.go:324.12,327.7 2 1
github.com/ivannovak/glide/v2/pkg/plugin/sdk/lifecycle_manager.go:327.7,328.11 1 1
github.com/ivannovak/glide/v2/pkg/plugin/sdk/lifecycle_manager.go:329.34,330.25 1 1
github.com/ivannovak/glide/v2/pkg/plugin/sdk/lifecycle_manager.go:332.27,333.11 1 1
github.com/ivannovak/glide/v2/pkg/plugin/sdk/lifecycle_manager.go:340.50,341.33 1 1
github.com/ivannovak/glide/v2/pkg/plugin/sdk/lifecycle_manager.go:341.33,345.3 3 1
github.com/ivannovak/glide/v2/pkg/plugin/sdk/lifecycle_manager.go:349.47,352.31 3 1
github.com/ivannovak/glide/v2/pkg/plugin/sdk/lifecycle_manager.go:352.31,354.3 1 1
github.com/ivannovak/glide/v2/pkg/plugin/sdk/lifecycle_manager.go:355.2,357.29 2 1
github.com/ivannovak/glide/v2/pkg/plugin/sdk/lifecycle_manager.go:357.29,359.3 1 1
github.com/ivannovak/glide/v2/pkg/plugin/sdk/lifecycle_manager.go:363.78,368.13 4 1
github.com/ivannovak/glide/v2/pkg/plugin/sdk/lifecycle_manager.go:368.13,370.3 1 1
github.com/ivannovak/glide/v2/pkg/plugin/sdk/lifecycle_manager.go:372.2,372.33 1 1
github.com/ivannovak/glide/v2/pkg/plugin/sdk/lifecycle_manager.go:376.91,381.13 4 1
github.com/ivannovak/glide/v2/pkg/plugin/sdk/lifecycle_manager.go:381.13,383.3 1 1
github.com/ivannovak/glide/v2/pkg/plugin/sdk/lifecycle_manager.go:385.2,385.56 1 1
github.com/ivannovak/glide/v2/pkg/plugin/sdk/lifecycle_manager.go:389.52,394.31 4 1
github.com/ivannovak/glide/v2/pkg/plugin/sdk/lifecycle_manager.go:394.31,396.3 1 1
github.com/ivannovak/glide/v2/pkg/plugin/sdk/lifecycle_manager.go:398.2,398.14 1 1
github.com/ivannovak/glide/v2/pkg/plugin/sdk/manager.go:31.45,35.2 1 1
github.com/ivannovak/glide/v2/pkg/plugin/sdk/manager.go:38.48,42.2 3 1
github.com/ivannovak/glide/v2/pkg/plugin/sdk/manager.go:45.56,49.2 3 1
github.com/ivannovak/glide/v2/pkg/plugin/sdk/manager.go:52.25,56.2 3 1
github.com/ivannovak/glide/v2/pkg/plugin/sdk/manager.go:90.37,102.43 5 1
github.com/ivannovak/glide/v2/pkg/plugin/sdk/manager.go:102.43,104.3 1 1
github.com/ivannovak/glide/v2/pkg/plugin/sdk/manager.go:108.2,109.52 2 1
github.com/ivannovak/glide/v2/pkg/plugin/sdk/manager.go:109.52,111.3 1 0
github.com/ivannovak/glide/v2/pkg/plugin/sdk/manager.go:113.2,119.3 1 1
github.com/ivannovak/glide/v2/pkg/plugin/sdk/manager.go:123.49,124.19 1 1
github.com/ivannovak/glide/v2/pkg/plugin/sdk/manager.go:124.19,126.3 1 1
github.com/ivannovak/glide/v2/pkg/plugin/sdk/manager.go:128.2,130.40 2 1
github.com/ivannovak/glide/v2/pkg/plugin/sdk/manager.go:130.40,132.3 1 1
github.com/ivannovak/glide/v2/pkg/plugin/sdk/manager.go:135.2,145.3 3 1
github.com/ivannovak/glide/v2/pkg/plugin/sdk/manager.go:149.43,154.16 4 1
github.com/ivannovak/glide/v2/pkg/plugin/sdk/manager.go:154.16,156.3 1 0
github.com/ivannovak/glide/v2/pkg/plugin/sdk/manager.go:158.2,158.28 1 1
github.com/ivannovak/glide/v2/pkg/plugin/sdk/manager.go:158.28,159.27 1 1
github.com/ivannovak/glide/v2/pkg/plugin/sdk/manager.go:159.27,161.4 1 0
github.com/ivannovak/glide/v2/pkg/plugin/sdk/manager.go:164.3,164.45 1 1
github.com/ivannovak/glide/v2/pkg/plugin/sdk/manager.go:164.45,165.12 1 1
github.com/ivannovak/glide/v2/pkg/plugin/sdk/manager.go:169.3,169.41 1 1
github.com/ivannovak/glide/v2/pkg/plugin/sdk/manager.go:169.41,171.12 2 0
github.com/ivannovak/glide/v2/pkg/plugin/sdk/manager.go:175.2,175.12 1 1
github.com/ivannovak/glide/v2/pkg/plugin/sdk/manager.go:179.49,189.2 4 1
github.com/ivannovak/glide/v2/pkg/plugin/sdk/manager.go:192.54,194.56 1 1
github.com/ivannovak/glide/v2/pkg/plugin/sdk/manager.go:194.56,196.3 1 1
github.com/ivannovak/glide/v2/pkg/plugin/sdk/manager.go:199.2,199.53 1 1
github.com/ivannovak/glide/v2/pkg/plugin/sdk/manager.go:199.53,202.3 2 1
github.com/ivannovak/glide/v2/pkg/plugin/sdk/manager.go:205.2,206.9 2 1
github.com/ivannovak/glide/v2/pkg/plugin/sdk/manager.go:207.88,213.5 1 0
github.com/ivannovak/glide/v2/pkg/plugin/sdk/manager.go:214.88,220.5 1 0
github.com/ivannovak/glide/v2/pkg/plugin/sdk/manager.go:221.10,223.33 1 1
github.com/ivannovak/glide/v2/pkg/plugin/sdk/manager.go:227.2,238.16 3 1
github.com/ivannovak/glide/v2/pkg/plugin/sdk/manager.go:238.16,241.3 2 0
github.com/ivannovak/glide/v2/pkg/plugin/sdk/manager.go:244.2,245.16 2 1
github.com/ivannovak/glide/v2/pkg/plugin/sdk/manager.go:245.16,248.3 2 0
github.com/ivannovak/glide/v2/pkg/plugin/sdk/manager.go:250.2,251.9 2 1
github.com/ivannovak/glide/v2/pkg/plugin/sdk/manager.go:251.9,254.3 2 0
github.com/ivannovak/glide/v2/pkg/plugin/sdk/manager.go:257.2,261.16 4 1
github.com/ivannovak/glide/v2/pkg/plugin/sdk/manager.go:261.16,264.3 2 0
github.com/ivannovak/glide/v2/pkg/plugin/sdk/manager.go:267.2,283.76 5 1
github.com/ivannovak/glide/v2/pkg/plugin/sdk/manager.go:283.76,287.3 3 0
github.com/ivannovak/glide/v2/pkg/plugin/sdk/manager.go:290.2,291.83 2 1
github.com/ivannovak/glide/v2/pkg/plugin/sdk/manager.go:291.83,296.3 4 0
github.com/ivannovak/glide/v2/pkg/plugin/sdk/manager.go:298.2,298.84 1 1
github.com/ivannovak/glide/v2/pkg/plugin/sdk/manager.go:298.84,303.3 4 0
github.com/ivannovak/glide/v2/pkg/plugin/sdk/manager.go:305.2,305.26 1 1
github.com/ivannovak/glide/v2/pkg/plugin/sdk/manager.go:305.26,307.3 1 0
github.com/ivannovak/glide/v2/pkg/plugin/sdk/manager.go:309.2,309.12 1 1
github.com/ivannovak/glide/v2/pkg/plugin/sdk/manager.go:313.65,318.13 4 1
github.com/ivannovak/glide/v2/pkg/plugin/sdk/manager.go:318.13,320.3 1 1
github.com/ivannovak/glide/v2/pkg/plugin/sdk/manager.go:323.2,326.28 2 1
github.com/ivannovak/glide/v2/pkg/plugin/sdk/manager.go:326.28,328.3 1 0
github.com/ivannovak/glide/v2/pkg/plugin/sdk/manager.go:330.2,330.20 1 1
github.com/ivannovak/glide/v2/pkg/plugin/sdk/manager.go:334.83,336.16 2 1
github.com/ivannovak/glide/v2/pkg/plugin/sdk/manager.go:336.16,338.3 1 1
github.com/ivannovak/glide/v2/pkg/plugin/sdk/manager.go:340.2,344.16 3 1
github.com/ivannovak/glide/v2/pkg/plugin/sdk/manager.go:344.16,346.3 1 0
github.com/ivannovak/glide/v2/pkg/plugin/sdk/manager.go:348.2,349.40 2 1
github.com/ivannovak/glide/v2/pkg/plugin/sdk/manager.go:349.40,350.26 1 1
github.com/ivannovak/glide/v2/pkg/plugin/sdk/manager.go:350.26,352.9 2 1
github.com/ivannovak/glide/v2/pkg/plugin/sdk/manager.go:356.2,356.20 1 1
github.com/ivannovak/glide/v2/pkg/plugin/sdk/manager.go:356.20,358.3 1 1
github.com/ivannovak/glide/v2/pkg/plugin/sdk/manager.go:361.2,361.25 1 1
github.com/ivannovak/glide/v2/pkg/plugin/sdk/manager.go:361.25,364.3 1 0
github.com/ivannovak/glide/v2/pkg/plugin/sdk/manager.go:364.8,372.17 3 1
github.com/ivannovak/glide/v2/pkg/plugin/sdk/manager.go:372.17,374.4 1 0
github.com/ivannovak/glide/v2/pkg/plugin/sdk/manager.go:376.3,376.20 1 1
github.com/ivannovak/glide/v2/pkg/plugin/sdk/manager.go:376.20,378.4 1 0
github.com/ivannovak/glide/v2/pkg/plugin/sdk/manager.go:381.3,381.27 1 1
github.com/ivannovak/glide/v2/pkg/plugin/sdk/manager.go:381.27,383.4 1 1
github.com/ivannovak/glide/v2/pkg/plugin/sdk/manager.go:384.3,384.27 1 1
github.com/ivannovak/glide/v2/pkg/plugin/sdk/manager.go:384.27,386.4 1 0
github.com/ivannovak/glide/v2/pkg/plugin/sdk/manager.go:389.2,389.12 1 1
github.com/ivannovak/glide/v2/pkg/plugin/sdk/manager.go:393.97,399.16 3 0
github.com/ivannovak/glide/v2/pkg/plugin/sdk/manager.go:399.16,401.3 1 0
github.com/ivannovak/glide/v2/pkg/plugin/sdk/manager.go:405.2,408.17 1 0
github.com/ivannovak/glide/v2/pkg/plugin/sdk/manager.go:408.17,410.3 1 0
github.com/ivannovak/glide/v2/pkg/plugin/sdk/manager.go:413.2,416.12 2 0
github.com/ivannovak/glide/v2/pkg/plugin/sdk/manager.go:416.12,418.7 2 0
github.com/ivannovak/glide/v2/pkg/plugin/sdk/manager.go:418.7,420.18 2 0
github.com/ivannovak/glide/v2/pkg/plugin/sdk/manager.go:420.18,421.22 1 0
github.com/ivannovak/glide/v2/pkg/plugin/sdk/manager.go:421.22,423.6 1 0
github.com/ivannovak/glide/v2/pkg/plugin/sdk/manager.go:424.5,424.11 1 0
github.com/ivannovak/glide/v2/pkg/plugin/sdk/manager.go:427.4,430.19 1 0
github.com/ivannovak/glide/v2/pkg/plugin/sdk/manager.go:430.19,433.5 2 0
github.com/ivannovak/glide/v2/pkg/plugin/sdk/manager.go:438.2,438.12 1 0
github.com/ivannovak/glide/v2/pkg/plugin/sdk/manager.go:438.12,439.7 1 0
github.com/ivannovak/glide/v2/pkg/plugin/sdk/manager.go:439.7,441.21 2 0
github.com/ivannovak/glide/v2/pkg/plugin/sdk/manager.go:441.21,444.5 2 0
github.com/ivannovak/glide/v2/pkg/plugin/sdk/manager.go:445.4,445.18 1 0
github.com/ivannovak/glide/v2/pkg/plugin/sdk/manager.go:445.18,448.5 2 0
github.com/ivannovak/glide/v2/pkg/plugin/sdk/manager.go:450.4,450.20 1 0
github.com/ivannovak/glide/v2/pkg/plugin/sdk/manager.go:451.33,452.30 1 0
github.com/ivannovak/glide/v2/pkg/plugin/sdk/manager.go:453.33,454.30 1 0
github.com/ivannovak/glide/v2/pkg/plugin/sdk/manager.go:455.31,456.26 1 0
github.com/ivannovak/glide/v2/pkg/plugin/sdk/manager.go:456.26,458.6 1 0
github.com/ivannovak/glide/v2/pkg/plugin/sdk/manager.go:458.11,460.6 1 0
github.com/ivannovak/glide/v2/pkg/plugin/sdk/manager.go:461.5,461.11 1 0
github.com/ivannovak/glide/v2/pkg/plugin/sdk/manager.go:462.32,464.11 2 0
github.com/ivannovak/glide/v2/pkg/plugin/sdk/manager.go:470.2,474.12 4 0
github.com/ivannovak/glide/v2/pkg/plugin/sdk/manager.go:474.12,475.26 1 0
github.com/ivannovak/glide/v2/pkg/plugin/sdk/manager.go:475.26,477.15 2 0
github.com/ivannovak/glide/v2/pkg/plugin/sdk/manager.go:478.24,479.25 1 0
github.com/ivannovak/glide/v2/pkg/plugin/sdk/manager.go:480.25,481.26 1 0
github.com/ivannovak/glide/v2/pkg/plugin/sdk/manager.go:482.12,483.13 1 0
github.com/ivannovak/glide/v2/pkg/plugin/sdk/manager.go:486.4,489.19 1 0
github.com/ivannovak/glide/v2/pkg/plugin/sdk/manager.go:489.19,491.13 1 0
github.com/ivannovak/glide/v2/pkg/plugin/sdk/manager.go:494.4,494.30 1 0
github.com/ivannovak/glide/v2/pkg/plugin/sdk/manager.go:494.30,497.5 2 0
github.com/ivannovak/glide/v2/pkg/plugin/sdk/manager.go:502.2,502.16 1 0
github.com/ivannovak/glide/v2/pkg/plugin/sdk/manager.go:506.49,511.30 4 1
github.com/ivannovak/glide/v2/pkg/plugin/sdk/manager.go:511.30,513.3 1 1
github.com/ivannovak/glide/v2/pkg/plugin/sdk/manager.go:514.2,514.16 1 1
github.com/ivannovak/glide/v2/pkg/plugin/sdk/manager.go:519.29,525.56 4 1
github.com/ivannovak/glide/v2/pkg/plugin/sdk/manager.go:525.56,526.27 1 0
github.com/ivannovak/glide/v2/pkg/plugin/sdk/manager.go:526.27,528.4 1 0
github.com/ivannovak/glide/v2/pkg/plugin/sdk/manager.go:532.2,532.30 1 1
github.com/ivannovak/glide/v2/pkg/plugin/sdk/manager.go:532.30,534.3 1 1
github.com/ivannovak/glide/v2/pkg/plugin/sdk/manager.go:536.2,537.17 2 1
github.com/ivannovak/glide/v2/pkg/plugin/sdk/manager.go:552.47,554.2 1 1
github.com/ivannovak/glide/v2/pkg/plugin/sdk/manager.go:557.52,561.29 3 1
github.com/ivannovak/glide/v2/pkg/plugin/sdk/manager.go:561.29,563.34 1 1
github.com/ivannovak/glide/v2/pkg/plugin/sdk/manager.go:563.34,566.4 2 0
github.com/ivannovak/glide/v2/pkg/plugin/sdk/manager.go:569.3,569.27 1 1
github.com/ivannovak/glide/v2/pkg/plugin/sdk/manager.go:569.27,571.18 2 0
github.com/ivannovak/glide/v2/pkg/plugin/sdk/manager.go:571.18,573.5 1 0
github.com/ivannovak/glide/v2/pkg/plugin/sdk/manager.go:577.3,577.49 1 1
github.com/ivannovak/glide/v2/pkg/plugin/sdk/manager.go:577.49,578.12 1 0
github.com/ivannovak/glide/v2/pkg/plugin/sdk/manager.go:582.3,583.17 2 1
github.com/ivannovak/glide/v2/pkg/plugin/sdk/manager.go:583.17,584.12 1 0
github.com/ivannovak/glide/v2/pkg/plugin/sdk/manager.go:587.3,587.33 1 1
github.com/ivannovak/glide/v2/pkg/plugin/sdk/manager.go:587.33,588.21 1 1
github.com/ivannovak/glide/v2/pkg/plugin/sdk/manager.go:588.21,589.13 1 0
github.com/ivannovak/glide/v2/pkg/plugin/sdk/manager.go:592.4,594.18 3 1
github.com/ivannovak/glide/v2/pkg/plugin/sdk/manager.go:594.18,595.13 1 0
github.com/ivannovak/glide/v2/pkg/plugin/sdk/manager.go:599.4,599.29 1 1
github.com/ivannovak/glide/v2/pkg/plugin/sdk/manager.go:599.29,600.13 1 1
github.com/ivannovak/glide/v2/pkg/plugin/sdk/manager.go:604.4,607.18 2 1
github.com/ivannovak/glide/v2/pkg/plugin/sdk/manager.go:607.18,608.13 1 1
github.com/ivannovak/glide/v2/pkg/plugin/sdk/manager.go:610.4,615.6 2 1
github.com/ivannovak/glide/v2/pkg/plugin/sdk/manager.go:619.2,619.21 1 1
github.com/ivannovak/glide/v2/pkg/plugin/sdk/manager.go:623.40,628.16 3 1
github.com/ivannovak/glide/v2/pkg/plugin/sdk/manager.go:628.16,630.3 1 0
github.com/ivannovak/glide/v2/pkg/plugin/sdk/manager.go:633.2,637.6 3 1
github.com/ivannovak/glide/v2/pkg/plugin/sdk/manager.go:637.6,639.76 1 1
github.com/ivannovak/glide/v2/pkg/plugin/sdk/manager.go:639.76,640.9 1 1
github.com/ivannovak/glide/v2/pkg/plugin/sdk/manager.go:644.3,645.66 2 1
github.com/ivannovak/glide/v2/pkg/plugin/sdk/manager.go:645.66,647.4 1 1
github.com/ivannovak/glide/v2/pkg/plugin/sdk/manager.go:650.3,650.34 1 1
github.com/ivannovak/glide/v2/pkg/plugin/sdk/manager.go:656.2,656.13 1 1
github.com/ivannovak/glide/v2/pkg/plugin/sdk/manager.go:660.50,661.26 1 1
github.com/ivannovak/glide/v2/pkg/plugin/sdk/manager.go:661.26,662.17 1 1
github.com/ivannovak/glide/v2/pkg/plugin/sdk/manager.go:662.17,664.4 1 1
github.com/ivannovak/glide/v2/pkg/plugin/sdk/manager.go:666.2,666.14 1 1
github.com/ivannovak/glide/v2/pkg/plugin/sdk/security.go:21.71,27.2 1 1
github.com/ivannovak/glide/v2/pkg/plugin/sdk/security.go:30.62,32.2 1 1
github.com/ivannovak/glide/v2/pkg/plugin/sdk/security.go:35.66,37.2 1 1
github.com/ivannovak/glide/v2/pkg/plugin/sdk/security.go:40.96,42.58 1 1
github.com/ivannovak/glide/v2/pkg/plugin/sdk/security.go:42.58,44.3 1 1
github.com/ivannovak/glide/v2/pkg/plugin/sdk/security.go:47.2,47.66 1 1
github.com/ivannovak/glide/v2/pkg/plugin/sdk/security.go:47.66,49.3 1 0
github.com/ivannovak/glide/v2/pkg/plugin/sdk/security.go:52.2,52.21 1 1
github.com/ivannovak/glide/v2/pkg/plugin/sdk/security.go:52.21,53.53 1 1
github.com/ivannovak/glide/v2/pkg/plugin/sdk/security.go:53.53,55.4 1 0
github.com/ivannovak/glide/v2/pkg/plugin/sdk/security.go:59.2,59.54 1 1
github.com/ivannovak/glide/v2/pkg/plugin/sdk/security.go:59.54,61.3 1 0
github.com/ivannovak/glide/v2/pkg/plugin/sdk/security.go:63.2,63.12 1 1
github.com/ivannovak/glide/v2/pkg/plugin/sdk/security.go:67.74,69.16 2 1
github.com/ivannovak/glide/v2/pkg/plugin/sdk/security.go:69.16,71.3 1 1
github.com/ivannovak/glide/v2/pkg/plugin/sdk/security.go:74.2,74.27 1 1
github.com/ivannovak/glide/v2/pkg/plugin/sdk/security.go:74.27,76.3 1 1
github.com/ivannovak/glide/v2/pkg/plugin/sdk/security.go:79.2,79.27 1 1
github.com/ivannovak/glide/v2/pkg/plugin/sdk/security.go:79.27,81.3 1 0
github.com/ivannovak/glide/v2/pkg/plugin/sdk/security.go:88.2,90.16 3 1
github.com/ivannovak/glide/v2/pkg/plugin/sdk/security.go:90.16,92.3 1 0
github.com/ivannovak/glide/v2/pkg/plugin/sdk/security.go:94.2,94.30 1 1
github.com/ivannovak/glide/v2/pkg/plugin/sdk/security.go:94.30,96.3 1 0
github.com/ivannovak/glide/v2/pkg/plugin/sdk/security.go:98.2,98.12 1 1
github.com/ivannovak/glide/v2/pkg/plugin/sdk/security.go:102.98,105.16 2 1
github.com/ivannovak/glide/v2/pkg/plugin/sdk/security.go:105.16,107.3 1 0
github.com/ivannovak/glide/v2/pkg/plugin/sdk/security.go:110.2,110.64 1 1
github.com/ivannovak/glide/v2/pkg/plugin/sdk/security.go:110.64,112.41 2 1
github.com/ivannovak/glide/v2/pkg/plugin/sdk/security.go:112.41,114.4 1 1
github.com/ivannovak/glide/v2/pkg/plugin/sdk/security.go:118.2,120.12 2 1
github.com/ivannovak/glide/v2/pkg/plugin/sdk/security.go:124.77,126.20 2 1
github.com/ivannovak/glide/v2/pkg/plugin/sdk/security.go:126.20,128.3 1 1
github.com/ivannovak/glide/v2/pkg/plugin/sdk/security.go:131.2,131.33 1 1
github.com/ivannovak/glide/v2/pkg/plugin/sdk/security.go:131.33,133.3 1 1
github.com/ivannovak/glide/v2/pkg/plugin/sdk/security.go:136.2,136.44 1 1
github.com/ivannovak/glide/v2/pkg/plugin/sdk/security.go:136.44,137.42 1 1
github.com/ivannovak/glide/v2/pkg/plugin/sdk/security.go:137.42,139.4 1 1
github.com/ivannovak/glide/v2/pkg/plugin/sdk/security.go:143.2,144.12 2 1
github.com/ivannovak/glide/v2/pkg/plugin/sdk/security.go:148.70,150.16 2 1
github.com/ivannovak/glide/v2/pkg/plugin/sdk/security.go:150.16,152.3 1 0
github.com/ivannovak/glide/v2/pkg/plugin/sdk/security.go:153.2,158.16 4 1
github.com/ivannovak/glide/v2/pkg/plugin/sdk/security.go:158.16,160.3 1 0
github.com/ivannovak/glide/v2/pkg/plugin/sdk/security.go:163.2,163.22 1 1
github.com/ivannovak/glide/v2/pkg/plugin/sdk/security.go:163.22,164.84 1 1
github.com/ivannovak/glide/v2/pkg/plugin/sdk/security.go:164.84,167.4 1 1
github.com/ivannovak/glide/v2/pkg/plugin/sdk/security.go:168.3,168.87 1 1
github.com/ivannovak/glide/v2/pkg/plugin/sdk/security.go:168.87,171.4 1 1
github.com/ivannovak/glide/v2/pkg/plugin/sdk/security.go:172.3,172.87 1 1
github.com/ivannovak/glide/v2/pkg/plugin/sdk/security.go:172.87,175.4 1 1
github.com/ivannovak/glide/v2/pkg/plugin/sdk/security.go:176.3,176.43 1 1
github.com/ivannovak/glide/v2/pkg/plugin/sdk/security.go:176.43,179.4 1 1
github.com/ivannovak/glide/v2/pkg/plugin/sdk/security.go:182.2,182.49 1 1
github.com/ivannovak/glide/v2/pkg/plugin/sdk/security.go:186.81,188.16 2 1
github.com/ivannovak/glide/v2/pkg/plugin/sdk/security.go:188.16,190.3 1 1
github.com/ivannovak/glide/v2/pkg/plugin/sdk/security.go:191.2,194.47 3 1
github.com/ivannovak/glide/v2/pkg/plugin/sdk/security.go:194.47,196.3 1 0
github.com/ivannovak/glide/v2/pkg/plugin/sdk/security.go:198.2,198.47 1 1
github.com/ivannovak/glide/v2/pkg/plugin/sdk/security.go:208.52,224.2 1 1
github.com/ivannovak/glide/v2/pkg/plugin/sdk/security.go:227.87,229.70 1 1
github.com/ivannovak/glide/v2/pkg/plugin/sdk/security.go:229.70,231.3 1 0
github.com/ivannovak/glide/v2/pkg/plugin/sdk/security.go:234.2,234.72 1 1
github.com/ivannovak/glide/v2/pkg/plugin/sdk/security.go:234.72,236.3 1 1
github.com/ivannovak/glide/v2/pkg/plugin/sdk/security.go:239.2,239.78 1 1
github.com/ivannovak/glide/v2/pkg/plugin/sdk/security.go:239.78,241.3 1 1
github.com/ivannovak/glide/v2/pkg/plugin/sdk/security.go:244.2,244.50 1 1
github.com/ivannovak/glide/v2/pkg/plugin/sdk/security.go:244.50,245.47 1 1
github.com/ivannovak/glide/v2/pkg/plugin/sdk/security.go:245.47,247.4 1 1
github.com/ivannovak/glide/v2/pkg/plugin/sdk/security.go:251.2,251.52 1 1
github.com/ivannovak/glide/v2/pkg/plugin/sdk/security.go:251.52,252.49 1 1
github.com/ivannovak/glide/v2/pkg/plugin/sdk/security.go:252.49,254.4 1 1
github.com/ivannovak/glide/v2/pkg/plugin/sdk/security.go:257.2,257.12 1 1
github.com/ivannovak/glide/v2/pkg/plugin/sdk/security.go:261.64,263.16 2 1
github.com/ivannovak/glide/v2/pkg/plugin/sdk/security.go:263.16,265.3 1 0
github.com/ivannovak/glide/v2/pkg/plugin/sdk/security.go:268.2,268.48 1 1
github.com/ivannovak/glide/v2/pkg/plugin/sdk/security.go:268.48,269.45 1 1
github.com/ivannovak/glide/v2/pkg/plugin/sdk/security.go:269.45,271.4 1 1
github.com/ivannovak/glide/v2/pkg/plugin/sdk/security.go:274.2,274.12 1 1
github.com/ivannovak/glide/v2/pkg/plugin/sdk/security.go:278.70,288.42 2 1
github.com/ivannovak/glide/v2/pkg/plugin/sdk/security.go:288.42,289.25 1 1
github.com/ivannovak/glide/v2/pkg/plugin/sdk/security.go:289.25,291.4 1 1
github.com/ivannovak/glide/v2/pkg/plugin/sdk/security.go:294.2,294.65 1 1
github.com/ivannovak/glide/v2/pkg/plugin/sdk/security.go:358.46,369.2 1 1
github.com/ivannovak/glide/v2/pkg/plugin/sdk/security.go:372.70,376.2 1 1
github.com/ivannovak/glide/v2/pkg/plugin/sdk/state.go:29.38,30.11 1 1
github.com/ivannovak/glide/v2/pkg/plugin/sdk/state.go:31.26,32.25 1 1
github.com/ivannovak/glide/v2/pkg/plugin/sdk/state.go:33.24,34.23 1 1
github.com/ivannovak/glide/v2/pkg/plugin/sdk/state.go:35.20,36.19 1 1
github.com/ivannovak/glide/v2/pkg/plugin/sdk/state.go:37.20,38.19 1 1
github.com/ivannovak/glide/v2/pkg/plugin/sdk/state.go:39.20,40.19 1 1
github.com/ivannovak/glide/v2/pkg/plugin/sdk/state.go:41.10,42.39 1 1
github.com/ivannovak/glide/v2/pkg/plugin/sdk/state.go:57.51,59.9 2 1
github.com/ivannovak/glide/v2/pkg/plugin/sdk/state.go:59.9,61.3 1 1
github.com/ivannovak/glide/v2/pkg/plugin/sdk/state.go:63.2,63.40 1 1
github.com/ivannovak/glide/v2/pkg/plugin/sdk/state.go:63.40,64.20 1 1
github.com/ivannovak/glide/v2/pkg/plugin/sdk/state.go:64.20,66.4 1 1
github.com/ivannovak/glide/v2/pkg/plugin/sdk/state.go:68.2,68.14 1 1
github.com/ivannovak/glide/v2/pkg/plugin/sdk/state.go:79.49,84.2 1 1
github.com/ivannovak/glide/v2/pkg/plugin/sdk/state.go:87.43,91.2 3 1
github.com/ivannovak/glide/v2/pkg/plugin/sdk/state.go:95.57,99.44 3 1
github.com/ivannovak/glide/v2/pkg/plugin/sdk/state.go:99.44,106.3 1 1
github.com/ivannovak/glide/v2/pkg/plugin/sdk/state.go:108.2,109.12 2 1
github.com/ivannovak/glide/v2/pkg/plugin/sdk/state.go:114.56,118.2 3 1
github.com/ivannovak/glide/v2/pkg/plugin/sdk/state.go:121.46,125.2 3 1
github.com/ivannovak/glide/v2/pkg/plugin/sdk/state.go:128.44,133.2 3 1
github.com/ivannovak/glide/v2/pkg/plugin/sdk/validator.go:22.43,32.2 2 1
github.com/ivannovak/glide/v2/pkg/plugin/sdk/validator.go:35.49,41.45 3 1
github.com/ivannovak/glide/v2/pkg/plugin/sdk/validator.go:41.45,48.17 2 1
github.com/ivannovak/glide/v2/pkg/plugin/sdk/validator.go:48.17,51.9 3 1
github.com/ivannovak/glide/v2/pkg/plugin/sdk/validator.go:53.3,53.22 1 1
github.com/ivannovak/glide/v2/pkg/plugin/sdk/validator.go:57.2,57.26 1 1
github.com/ivannovak/glide/v2/pkg/plugin/sdk/validator.go:57.26,59.3 1 1
github.com/ivannovak/glide/v2/pkg/plugin/sdk/validator.go:62.2,66.16 3 1
github.com/ivannovak/glide/v2/pkg/plugin/sdk/validator.go:66.16,68.3 1 0
github.com/ivannovak/glide/v2/pkg/plugin/sdk/validator.go:71.2,71.18 1 1
github.com/ivannovak/glide/v2/pkg/plugin/sdk/validator.go:71.18,73.3 1 1
github.com/ivannovak/glide/v2/pkg/plugin/sdk/validator.go:76.2,76.27 1 1
github.com/ivannovak/glide/v2/pkg/plugin/sdk/validator.go:76.27,78.3 1 1
github.com/ivannovak/glide/v2/pkg/plugin/sdk/validator.go:81.2,81.14 1 1
github.com/ivannovak/glide/v2/pkg/plugin/sdk/validator.go:81.14,82.28 1 1
github.com/ivannovak/glide/v2/pkg/plugin/sdk/validator.go:82.28,84.4 1 0
github.com/ivannovak/glide/v2/pkg/plugin/sdk/validator.go:88.2,88.42 1 1
github.com/ivannovak/glide/v2/pkg/plugin/sdk/validator.go:88.42,90.3 1 1
github.com/ivannovak/glide/v2/pkg/plugin/sdk/validator.go:93.2,93.66 1 1
github.com/ivannovak/glide/v2/pkg/plugin/sdk/validator.go:93.66,95.17 2 0
github.com/ivannovak/glide/v2/pkg/plugin/sdk/validator.go:95.17,97.4 1 0
github.com/ivannovak/glide/v2/pkg/plugin/sdk/validator.go:98.3,98.41 1 0
github.com/ivannovak/glide/v2/pkg/plugin/sdk/validator.go:98.41,100.4 1 0
github.com/ivannovak/glide/v2/pkg/plugin/sdk/validator.go:104.2,104.28 1 1
github.com/ivannovak/glide/v2/pkg/plugin/sdk/validator.go:104.28,106.3 1 1
github.com/ivannovak/glide/v2/pkg/plugin/sdk/validator.go:108.2,108.12 1 1
github.com/ivannovak/glide/v2/pkg/plugin/sdk/validator.go:112.49,114.2 1 1
github.com/ivannovak/glide/v2/pkg/plugin/sdk/validator.go:117.62,119.2 1 1
github.com/ivannovak/glide/v2/pkg/plugin/sdk/validator.go:122.61,124.16 2 1
github.com/ivannovak/glide/v2/pkg/plugin/sdk/validator.go:124.16,126.3 1 0
github.com/ivannovak/glide/v2/pkg/plugin/sdk/validator.go:128.2,128.45 1 1
github.com/ivannovak/glide/v2/pkg/plugin/sdk/validator.go:128.45,130.17 2 1
github.com/ivannovak/glide/v2/pkg/plugin/sdk/validator.go:130.17,131.12 1 0
github.com/ivannovak/glide/v2/pkg/plugin/sdk/validator.go:135.3,135.45 1 1
github.com/ivannovak/glide/v2/pkg/plugin/sdk/validator.go:135.45,137.4 1 1
github.com/ivannovak/glide/v2/pkg/plugin/sdk/validator.go:140.2,140.14 1 1
github.com/ivannovak/glide/v2/pkg/plugin/sdk/validator.go:144.68,146.16 2 1
github.com/ivannovak/glide/v2/pkg/plugin/sdk/validator.go:146.16,148.3 1 1
github.com/ivannovak/glide/v2/pkg/plugin/sdk/validator.go:149.2,152.49 3 1
github.com/ivannovak/glide/v2/pkg/plugin/sdk/validator.go:152.49,154.3 1 0
github.com/ivannovak/glide/v2/pkg/plugin/sdk/validator.go:156.2,156.48 1 1
github.com/ivannovak/glide/v2/pkg/plugin/sdk/validator.go:160.53,162.16 2 1
github.com/ivannovak/glide/v2/pkg/plugin/sdk/validator.go:162.16,164.3 1 0
github.com/ivannovak/glide/v2/pkg/plugin/sdk/validator.go:165.2,169.45 3 1
github.com/ivannovak/glide/v2/pkg/plugin/sdk/validator.go:169.45,171.3 1 1
github.com/ivannovak/glide/v2/pkg/plugin/sdk/validator.go:175.2,175.83 1 1
github.com/ivannovak/glide/v2/pkg/plugin/sdk/validator.go:175.83,177.3 1 1
github.com/ivannovak/glide/v2/pkg/plugin/sdk/validator.go:180.2,183.86 1 1
github.com/ivannovak/glide/v2/pkg/plugin/sdk/validator.go:183.86,185.3 1 1
github.com/ivannovak/glide/v2/pkg/plugin/sdk/validator.go:188.2,188.42 1 1
github.com/ivannovak/glide/v2/pkg/plugin/sdk/validator.go:188.42,190.3 1 1
github.com/ivannovak/glide/v2/pkg/plugin/sdk/validator.go:193.2,193.42 1 1
github.com/ivannovak/glide/v2/pkg/plugin/sdk/validator.go:193.42,195.3 1 1
github.com/ivannovak/glide/v2/pkg/plugin/sdk/validator.go:197.2,197.14 1 1
github.com/ivannovak/glide/v2/pkg/plugin/sdk/validator.go:201.65,203.49 1 1
github.com/ivannovak/glide/v2/pkg/plugin/sdk/validator.go:203.49,205.3 1 1
github.com/ivannovak/glide/v2/pkg/plugin/sdk/validator.go:208.2,208.14 1 1
github.com/ivannovak/glide/v2/pkg/plugin/sdk/validator.go:208.14,210.17 2 0
github.com/ivannovak/glide/v2/pkg/plugin/sdk/validator.go:210.17,212.4 1 0
github.com/ivannovak/glide/v2/pkg/plugin/sdk/validator.go:213.3,213.28 1 0
github.com/ivannovak/glide/v2/pkg/plugin/sdk/validator.go:213.28,215.4 1 0
github.com/ivannovak/glide/v2/pkg/plugin/sdk/validator.go:218.2,218.12 1 1
github.com/ivannovak/glide/v2/pkg/plugin/sdk/validator.go:222.44,224.2 1 1
